<?xml version="1.0" encoding="UTF-8"?>
<testsuite name="com.springboot.test.testProject.web.IndexControllerTest" tests="1" skipped="0" failures="0" errors="0" timestamp="2020-04-22T15:54:19" hostname="DESKTOP-8IKJVKP" time="0.359">
  <properties/>
  <testcase name="메인페이지_로딩" classname="com.springboot.test.testProject.web.IndexControllerTest" time="0.359"/>
  <system-out><![CDATA[2020-04-23 00:54:14.976  INFO 12700 --- [    Test worker] .b.t.c.SpringBootTestContextBootstrapper : Neither @ContextConfiguration nor @ContextHierarchy found for test class [com.springboot.test.testProject.web.IndexControllerTest], using SpringBootContextLoader
2020-04-23 00:54:14.979  INFO 12700 --- [    Test worker] o.s.t.c.support.AbstractContextLoader    : Could not detect default resource locations for test class [com.springboot.test.testProject.web.IndexControllerTest]: no resource found for suffixes {-context.xml, Context.groovy}.
2020-04-23 00:54:14.983  INFO 12700 --- [    Test worker] t.c.s.AnnotationConfigContextLoaderUtils : Could not detect default configuration classes for test class [com.springboot.test.testProject.web.IndexControllerTest]: IndexControllerTest does not declare any static, non-private, non-final, nested classes annotated with @Configuration.
2020-04-23 00:54:14.987  INFO 12700 --- [    Test worker] .b.t.c.SpringBootTestContextBootstrapper : Found @SpringBootConfiguration com.springboot.test.testProject.Application for test class com.springboot.test.testProject.web.IndexControllerTest
2020-04-23 00:54:14.991  INFO 12700 --- [    Test worker] .b.t.c.SpringBootTestContextBootstrapper : Loaded default TestExecutionListener class names from location [META-INF/spring.factories]: [org.springframework.security.test.context.support.WithSecurityContextTestExecutionListener, org.springframework.security.test.context.support.ReactorContextTestExecutionListener, org.springframework.boot.test.autoconfigure.restdocs.RestDocsTestExecutionListener, org.springframework.boot.test.autoconfigure.web.client.MockRestServiceServerResetTestExecutionListener, org.springframework.boot.test.autoconfigure.web.servlet.MockMvcPrintOnlyOnFailureTestExecutionListener, org.springframework.boot.test.autoconfigure.web.servlet.WebDriverTestExecutionListener, org.springframework.boot.test.mock.mockito.MockitoTestExecutionListener, org.springframework.boot.test.mock.mockito.ResetMocksTestExecutionListener, org.springframework.test.context.web.ServletTestExecutionListener, org.springframework.test.context.support.DirtiesContextBeforeModesTestExecutionListener, org.springframework.test.context.support.DependencyInjectionTestExecutionListener, org.springframework.test.context.support.DirtiesContextTestExecutionListener, org.springframework.test.context.transaction.TransactionalTestExecutionListener, org.springframework.test.context.jdbc.SqlScriptsTestExecutionListener]
2020-04-23 00:54:14.994  INFO 12700 --- [    Test worker] .b.t.c.SpringBootTestContextBootstrapper : Using TestExecutionListeners: [org.springframework.test.context.web.ServletTestExecutionListener@1df739c, org.springframework.test.context.support.DirtiesContextBeforeModesTestExecutionListener@30f67da8, org.springframework.boot.test.mock.mockito.MockitoTestExecutionListener@168a4889, org.springframework.boot.test.autoconfigure.SpringBootDependencyInjectionTestExecutionListener@3d14f541, org.springframework.test.context.support.DirtiesContextTestExecutionListener@47ad32ec, org.springframework.test.context.transaction.TransactionalTestExecutionListener@44b51c8c, org.springframework.test.context.jdbc.SqlScriptsTestExecutionListener@bfda93, org.springframework.security.test.context.support.WithSecurityContextTestExecutionListener@1a1b8938, org.springframework.security.test.context.support.ReactorContextTestExecutionListener@340ff2c5, org.springframework.boot.test.autoconfigure.restdocs.RestDocsTestExecutionListener@58b2c9b4, org.springframework.boot.test.autoconfigure.web.client.MockRestServiceServerResetTestExecutionListener@26a7eb73, org.springframework.boot.test.autoconfigure.web.servlet.MockMvcPrintOnlyOnFailureTestExecutionListener@60b3f4d6, org.springframework.boot.test.autoconfigure.web.servlet.WebDriverTestExecutionListener@2be1bbdf, org.springframework.boot.test.mock.mockito.ResetMocksTestExecutionListener@65d0387e]

  .   ____          _            __ _ _
 /\\ / ___'_ __ _ _(_)_ __  __ _ \ \ \ \
( ( )\___ | '_ | '_| | '_ \/ _` | \ \ \ \
 \\/  ___)| |_)| | | | | || (_| |  ) ) ) )
  '  |____| .__|_| |_|_| |_\__, | / / / /
 =========|_|==============|___/=/_/_/_/
 :: Spring Boot ::        (v2.1.7.RELEASE)

2020-04-23 00:54:15.147  INFO 12700 --- [    Test worker] c.s.t.t.web.IndexControllerTest          : Starting IndexControllerTest on DESKTOP-8IKJVKP with PID 12700 (started by ShinYR in C:\dev\springboot\testProject)
2020-04-23 00:54:15.148  INFO 12700 --- [    Test worker] c.s.t.t.web.IndexControllerTest          : No active profile set, falling back to default profiles: default
2020-04-23 00:54:15.591  INFO 12700 --- [    Test worker] .s.d.r.c.RepositoryConfigurationDelegate : Bootstrapping Spring Data repositories in DEFAULT mode.
2020-04-23 00:54:15.650  INFO 12700 --- [    Test worker] .s.d.r.c.RepositoryConfigurationDelegate : Finished Spring Data repository scanning in 59ms. Found 2 repository interfaces.
2020-04-23 00:54:15.873  INFO 12700 --- [    Test worker] trationDelegate$BeanPostProcessorChecker : Bean 'org.springframework.transaction.annotation.ProxyTransactionManagementConfiguration' of type [org.springframework.transaction.annotation.ProxyTransactionManagementConfiguration$$EnhancerBySpringCGLIB$$c7537e8e] is not eligible for getting processed by all BeanPostProcessors (for example: not eligible for auto-proxying)
2020-04-23 00:54:16.368  INFO 12700 --- [    Test worker] o.s.b.w.embedded.tomcat.TomcatWebServer  : Tomcat initialized with port(s): 0 (http)
2020-04-23 00:54:16.422  INFO 12700 --- [    Test worker] o.apache.catalina.core.StandardService   : Starting service [Tomcat]
2020-04-23 00:54:16.422  INFO 12700 --- [    Test worker] org.apache.catalina.core.StandardEngine  : Starting Servlet engine: [Apache Tomcat/9.0.22]
2020-04-23 00:54:16.709  INFO 12700 --- [    Test worker] o.a.c.c.C.[Tomcat].[localhost].[/]       : Initializing Spring embedded WebApplicationContext
2020-04-23 00:54:16.710  INFO 12700 --- [    Test worker] o.s.web.context.ContextLoader            : Root WebApplicationContext: initialization completed in 1556 ms
2020-04-23 00:54:17.089  INFO 12700 --- [    Test worker] com.zaxxer.hikari.HikariDataSource       : HikariPool-2 - Starting...
2020-04-23 00:54:17.092  INFO 12700 --- [    Test worker] com.zaxxer.hikari.HikariDataSource       : HikariPool-2 - Start completed.
2020-04-23 00:54:17.166  INFO 12700 --- [    Test worker] o.hibernate.jpa.internal.util.LogHelper  : HHH000204: Processing PersistenceUnitInfo [
	name: default
	...]
2020-04-23 00:54:17.192  INFO 12700 --- [    Test worker] org.hibernate.dialect.Dialect            : HHH000400: Using dialect: org.hibernate.dialect.MySQL5InnoDBDialect
Hibernate: drop table if exists posts
Hibernate: drop table if exists user
Hibernate: create table posts (id bigint not null auto_increment, created_date datetime, modified_date datetime, author varchar(255), content TEXT not null, title varchar(500) not null, primary key (id)) engine=InnoDB
Hibernate: create table user (id bigint not null auto_increment, created_date datetime, modified_date datetime, email varchar(255) not null, name varchar(255) not null, picture varchar(255), role varchar(255) not null, primary key (id)) engine=InnoDB
2020-04-23 00:54:17.326  INFO 12700 --- [    Test worker] o.h.t.schema.internal.SchemaCreatorImpl  : HHH000476: Executing import script 'org.hibernate.tool.schema.internal.exec.ScriptSourceInputNonExistentImpl@466c9eb0'
2020-04-23 00:54:17.327  INFO 12700 --- [    Test worker] j.LocalContainerEntityManagerFactoryBean : Initialized JPA EntityManagerFactory for persistence unit 'default'
2020-04-23 00:54:17.931  INFO 12700 --- [    Test worker] o.h.h.i.QueryTranslatorFactoryInitiator  : HHH000397: Using ASTQueryTranslatorFactory
2020-04-23 00:54:18.250  INFO 12700 --- [    Test worker] o.s.s.web.DefaultSecurityFilterChain     : Creating filter chain: any request, [org.springframework.security.web.context.request.async.WebAsyncManagerIntegrationFilter@5a6d9dc, org.springframework.security.web.context.SecurityContextPersistenceFilter@2b74e948, org.springframework.security.web.header.HeaderWriterFilter@9262e51, org.springframework.security.web.authentication.logout.LogoutFilter@5c618042, org.springframework.security.oauth2.client.web.OAuth2AuthorizationRequestRedirectFilter@4bbe4f98, org.springframework.security.oauth2.client.web.OAuth2LoginAuthenticationFilter@2cbc3b6, org.springframework.security.web.authentication.ui.DefaultLoginPageGeneratingFilter@50531da9, org.springframework.security.web.authentication.ui.DefaultLogoutPageGeneratingFilter@544822bd, org.springframework.security.web.savedrequest.RequestCacheAwareFilter@be3ce08, org.springframework.security.web.servletapi.SecurityContextHolderAwareRequestFilter@338f2d83, org.springframework.security.web.authentication.AnonymousAuthenticationFilter@6db37523, org.springframework.security.web.session.SessionManagementFilter@4b750942, org.springframework.security.web.access.ExceptionTranslationFilter@765addab, org.springframework.security.web.access.intercept.FilterSecurityInterceptor@2b5f4c11]
2020-04-23 00:54:18.641  INFO 12700 --- [    Test worker] o.s.s.concurrent.ThreadPoolTaskExecutor  : Initializing ExecutorService 'applicationTaskExecutor'
2020-04-23 00:54:18.663  WARN 12700 --- [    Test worker] aWebConfiguration$JpaWebMvcConfiguration : spring.jpa.open-in-view is enabled by default. Therefore, database queries may be performed during view rendering. Explicitly configure spring.jpa.open-in-view to disable this warning
2020-04-23 00:54:18.710  INFO 12700 --- [    Test worker] o.s.b.a.w.s.WelcomePageHandlerMapping    : Adding welcome page template: index
2020-04-23 00:54:19.285  INFO 12700 --- [    Test worker] s.a.ScheduledAnnotationBeanPostProcessor : No TaskScheduler/ScheduledExecutorService bean found for scheduled processing
2020-04-23 00:54:19.314  INFO 12700 --- [    Test worker] o.s.b.w.embedded.tomcat.TomcatWebServer  : Tomcat started on port(s): 63657 (http) with context path ''
2020-04-23 00:54:19.315  INFO 12700 --- [    Test worker] c.s.t.t.web.IndexControllerTest          : Started IndexControllerTest in 4.31 seconds (JVM running for 21.394)
2020-04-23 00:54:19.466  INFO 12700 --- [o-auto-1-exec-1] o.a.c.c.C.[Tomcat].[localhost].[/]       : Initializing Spring DispatcherServlet 'dispatcherServlet'
2020-04-23 00:54:19.467  INFO 12700 --- [o-auto-1-exec-1] o.s.web.servlet.DispatcherServlet        : Initializing Servlet 'dispatcherServlet'
2020-04-23 00:54:19.533  INFO 12700 --- [o-auto-1-exec-1] o.s.web.servlet.DispatcherServlet        : Completed initialization in 65 ms
Hibernate: select posts0_.id as id1_0_, posts0_.created_date as created_2_0_, posts0_.modified_date as modified3_0_, posts0_.author as author4_0_, posts0_.content as content5_0_, posts0_.title as title6_0_ from posts posts0_ order by posts0_.id DESC
]]></system-out>
  <system-err><![CDATA[]]></system-err>
</testsuite>
