<?xml version="1.0" encoding="UTF-8"?>
<testsuite name="com.springboot.test.testProject.web.HelloControllerTest" tests="2" skipped="0" failures="0" errors="0" timestamp="2020-04-22T15:54:05" hostname="DESKTOP-8IKJVKP" time="0.602">
  <properties/>
  <testcase name="helloDto_return" classname="com.springboot.test.testProject.web.HelloControllerTest" time="0.588"/>
  <testcase name="hello_return" classname="com.springboot.test.testProject.web.HelloControllerTest" time="0.013"/>
  <system-out><![CDATA[00:53:59.395 [Test worker] DEBUG org.springframework.test.context.junit4.SpringJUnit4ClassRunner - SpringJUnit4ClassRunner constructor called with [class com.springboot.test.testProject.web.HelloControllerTest]
00:53:59.413 [Test worker] DEBUG org.springframework.test.context.BootstrapUtils - Instantiating CacheAwareContextLoaderDelegate from class [org.springframework.test.context.cache.DefaultCacheAwareContextLoaderDelegate]
00:53:59.450 [Test worker] DEBUG org.springframework.test.context.BootstrapUtils - Instantiating BootstrapContext using constructor [public org.springframework.test.context.support.DefaultBootstrapContext(java.lang.Class,org.springframework.test.context.CacheAwareContextLoaderDelegate)]
00:53:59.488 [Test worker] DEBUG org.springframework.test.context.BootstrapUtils - Instantiating TestContextBootstrapper for test class [com.springboot.test.testProject.web.HelloControllerTest] from class [org.springframework.boot.test.autoconfigure.web.servlet.WebMvcTestContextBootstrapper]
00:53:59.532 [Test worker] INFO org.springframework.boot.test.autoconfigure.web.servlet.WebMvcTestContextBootstrapper - Neither @ContextConfiguration nor @ContextHierarchy found for test class [com.springboot.test.testProject.web.HelloControllerTest], using SpringBootContextLoader
00:53:59.539 [Test worker] DEBUG org.springframework.test.context.support.AbstractContextLoader - Did not detect default resource location for test class [com.springboot.test.testProject.web.HelloControllerTest]: class path resource [com/springboot/test/testProject/web/HelloControllerTest-context.xml] does not exist
00:53:59.540 [Test worker] DEBUG org.springframework.test.context.support.AbstractContextLoader - Did not detect default resource location for test class [com.springboot.test.testProject.web.HelloControllerTest]: class path resource [com/springboot/test/testProject/web/HelloControllerTestContext.groovy] does not exist
00:53:59.540 [Test worker] INFO org.springframework.test.context.support.AbstractContextLoader - Could not detect default resource locations for test class [com.springboot.test.testProject.web.HelloControllerTest]: no resource found for suffixes {-context.xml, Context.groovy}.
00:53:59.543 [Test worker] INFO org.springframework.test.context.support.AnnotationConfigContextLoaderUtils - Could not detect default configuration classes for test class [com.springboot.test.testProject.web.HelloControllerTest]: HelloControllerTest does not declare any static, non-private, non-final, nested classes annotated with @Configuration.
00:53:59.675 [Test worker] DEBUG org.springframework.test.context.support.ActiveProfilesUtils - Could not find an 'annotation declaring class' for annotation type [org.springframework.test.context.ActiveProfiles] and class [com.springboot.test.testProject.web.HelloControllerTest]
00:53:59.815 [Test worker] DEBUG org.springframework.context.annotation.ClassPathScanningCandidateComponentProvider - Identified candidate component class: file [C:\dev\springboot\testProject\build\classes\java\main\com\springboot\test\testProject\Application.class]
00:53:59.818 [Test worker] INFO org.springframework.boot.test.context.SpringBootTestContextBootstrapper - Found @SpringBootConfiguration com.springboot.test.testProject.Application for test class com.springboot.test.testProject.web.HelloControllerTest
00:53:59.821 [Test worker] DEBUG org.springframework.boot.test.autoconfigure.web.servlet.WebMvcTestContextBootstrapper - @TestExecutionListeners is not present for class [com.springboot.test.testProject.web.HelloControllerTest]: using defaults.
00:53:59.823 [Test worker] INFO org.springframework.boot.test.autoconfigure.web.servlet.WebMvcTestContextBootstrapper - Loaded default TestExecutionListener class names from location [META-INF/spring.factories]: [org.springframework.security.test.context.support.WithSecurityContextTestExecutionListener, org.springframework.security.test.context.support.ReactorContextTestExecutionListener, org.springframework.boot.test.autoconfigure.restdocs.RestDocsTestExecutionListener, org.springframework.boot.test.autoconfigure.web.client.MockRestServiceServerResetTestExecutionListener, org.springframework.boot.test.autoconfigure.web.servlet.MockMvcPrintOnlyOnFailureTestExecutionListener, org.springframework.boot.test.autoconfigure.web.servlet.WebDriverTestExecutionListener, org.springframework.boot.test.mock.mockito.MockitoTestExecutionListener, org.springframework.boot.test.mock.mockito.ResetMocksTestExecutionListener, org.springframework.test.context.web.ServletTestExecutionListener, org.springframework.test.context.support.DirtiesContextBeforeModesTestExecutionListener, org.springframework.test.context.support.DependencyInjectionTestExecutionListener, org.springframework.test.context.support.DirtiesContextTestExecutionListener, org.springframework.test.context.transaction.TransactionalTestExecutionListener, org.springframework.test.context.jdbc.SqlScriptsTestExecutionListener]
00:53:59.861 [Test worker] INFO org.springframework.boot.test.autoconfigure.web.servlet.WebMvcTestContextBootstrapper - Using TestExecutionListeners: [org.springframework.test.context.web.ServletTestExecutionListener@7b51817c, org.springframework.test.context.support.DirtiesContextBeforeModesTestExecutionListener@6bd51a54, org.springframework.boot.test.mock.mockito.MockitoTestExecutionListener@12827c16, org.springframework.boot.test.autoconfigure.SpringBootDependencyInjectionTestExecutionListener@efddd20, org.springframework.test.context.support.DirtiesContextTestExecutionListener@7950e7e2, org.springframework.test.context.transaction.TransactionalTestExecutionListener@3a144526, org.springframework.test.context.jdbc.SqlScriptsTestExecutionListener@3b77fcbe, org.springframework.security.test.context.support.WithSecurityContextTestExecutionListener@5b83222d, org.springframework.security.test.context.support.ReactorContextTestExecutionListener@2592b148, org.springframework.boot.test.autoconfigure.restdocs.RestDocsTestExecutionListener@3db7fda9, org.springframework.boot.test.autoconfigure.web.client.MockRestServiceServerResetTestExecutionListener@392164ad, org.springframework.boot.test.autoconfigure.web.servlet.MockMvcPrintOnlyOnFailureTestExecutionListener@7bf1bbee, org.springframework.boot.test.autoconfigure.web.servlet.WebDriverTestExecutionListener@4b595d29, org.springframework.boot.test.mock.mockito.ResetMocksTestExecutionListener@4981ab5e]
00:53:59.866 [Test worker] DEBUG org.springframework.test.annotation.ProfileValueUtils - Retrieved @ProfileValueSourceConfiguration [null] for test class [com.springboot.test.testProject.web.HelloControllerTest]
00:53:59.867 [Test worker] DEBUG org.springframework.test.annotation.ProfileValueUtils - Retrieved ProfileValueSource type [class org.springframework.test.annotation.SystemProfileValueSource] for class [com.springboot.test.testProject.web.HelloControllerTest]
00:53:59.868 [Test worker] DEBUG org.springframework.test.annotation.ProfileValueUtils - Retrieved @ProfileValueSourceConfiguration [null] for test class [com.springboot.test.testProject.web.HelloControllerTest]
00:53:59.868 [Test worker] DEBUG org.springframework.test.annotation.ProfileValueUtils - Retrieved ProfileValueSource type [class org.springframework.test.annotation.SystemProfileValueSource] for class [com.springboot.test.testProject.web.HelloControllerTest]
00:53:59.876 [Test worker] DEBUG org.springframework.test.context.support.AbstractDirtiesContextTestExecutionListener - Before test class: context [DefaultTestContext@261dba33 testClass = HelloControllerTest, testInstance = [null], testMethod = [null], testException = [null], mergedContextConfiguration = [WebMergedContextConfiguration@c4d9a35 testClass = HelloControllerTest, locations = '{}', classes = '{class com.springboot.test.testProject.Application}', contextInitializerClasses = '[]', activeProfiles = '{}', propertySourceLocations = '{}', propertySourceProperties = '{org.springframework.boot.test.autoconfigure.web.servlet.WebMvcTestContextBootstrapper=true}', contextCustomizers = set[org.springframework.boot.test.autoconfigure.OverrideAutoConfigurationContextCustomizerFactory$DisableAutoConfigurationContextCustomizer@4a66fe5a, org.springframework.boot.test.autoconfigure.filter.TypeExcludeFiltersContextCustomizer@919b1860, org.springframework.boot.test.autoconfigure.properties.PropertyMappingContextCustomizer@8fd2d08d, org.springframework.boot.test.autoconfigure.web.servlet.WebDriverContextCustomizerFactory$Customizer@5900fa14, [ImportsContextCustomizer@644dd681 key = [org.springframework.boot.autoconfigure.cache.CacheAutoConfiguration, org.springframework.boot.autoconfigure.context.MessageSourceAutoConfiguration, org.springframework.boot.autoconfigure.data.web.SpringDataWebAutoConfiguration, org.springframework.boot.autoconfigure.freemarker.FreeMarkerAutoConfiguration, org.springframework.boot.autoconfigure.groovy.template.GroovyTemplateAutoConfiguration, org.springframework.boot.autoconfigure.gson.GsonAutoConfiguration, org.springframework.boot.autoconfigure.hateoas.HypermediaAutoConfiguration, org.springframework.boot.autoconfigure.http.HttpMessageConvertersAutoConfiguration, org.springframework.boot.autoconfigure.jackson.JacksonAutoConfiguration, org.springframework.boot.autoconfigure.jsonb.JsonbAutoConfiguration, org.springframework.boot.autoconfigure.mustache.MustacheAutoConfiguration, org.springframework.boot.autoconfigure.task.TaskExecutionAutoConfiguration, org.springframework.boot.autoconfigure.thymeleaf.ThymeleafAutoConfiguration, org.springframework.boot.autoconfigure.validation.ValidationAutoConfiguration, org.springframework.boot.autoconfigure.web.servlet.error.ErrorMvcAutoConfiguration, org.springframework.boot.autoconfigure.web.servlet.WebMvcAutoConfiguration, org.springframework.boot.test.autoconfigure.web.servlet.MockMvcAutoConfiguration, org.springframework.boot.test.autoconfigure.web.servlet.MockMvcSecurityAutoConfiguration, org.springframework.boot.test.autoconfigure.web.servlet.MockMvcWebClientAutoConfiguration, org.springframework.boot.test.autoconfigure.web.servlet.MockMvcWebDriverAutoConfiguration]], org.springframework.boot.test.context.filter.ExcludeFilterContextCustomizer@79b1e383, org.springframework.boot.test.json.DuplicateJsonObjectContextCustomizerFactory$DuplicateJsonObjectContextCustomizer@7ddedb91, org.springframework.boot.test.mock.mockito.MockitoContextCustomizer@0], resourceBasePath = 'src/main/webapp', contextLoader = 'org.springframework.boot.test.context.SpringBootContextLoader', parent = [null]], attributes = map[[empty]]], class annotated with @DirtiesContext [false] with mode [null].
00:53:59.878 [Test worker] DEBUG org.springframework.test.annotation.ProfileValueUtils - Retrieved @ProfileValueSourceConfiguration [null] for test class [com.springboot.test.testProject.web.HelloControllerTest]
00:53:59.878 [Test worker] DEBUG org.springframework.test.annotation.ProfileValueUtils - Retrieved ProfileValueSource type [class org.springframework.test.annotation.SystemProfileValueSource] for class [com.springboot.test.testProject.web.HelloControllerTest]
00:53:59.886 [Test worker] DEBUG org.springframework.test.context.support.DependencyInjectionTestExecutionListener - Performing dependency injection for test context [[DefaultTestContext@261dba33 testClass = HelloControllerTest, testInstance = com.springboot.test.testProject.web.HelloControllerTest@5aff2043, testMethod = [null], testException = [null], mergedContextConfiguration = [WebMergedContextConfiguration@c4d9a35 testClass = HelloControllerTest, locations = '{}', classes = '{class com.springboot.test.testProject.Application}', contextInitializerClasses = '[]', activeProfiles = '{}', propertySourceLocations = '{}', propertySourceProperties = '{org.springframework.boot.test.autoconfigure.web.servlet.WebMvcTestContextBootstrapper=true}', contextCustomizers = set[org.springframework.boot.test.autoconfigure.OverrideAutoConfigurationContextCustomizerFactory$DisableAutoConfigurationContextCustomizer@4a66fe5a, org.springframework.boot.test.autoconfigure.filter.TypeExcludeFiltersContextCustomizer@919b1860, org.springframework.boot.test.autoconfigure.properties.PropertyMappingContextCustomizer@8fd2d08d, org.springframework.boot.test.autoconfigure.web.servlet.WebDriverContextCustomizerFactory$Customizer@5900fa14, [ImportsContextCustomizer@644dd681 key = [org.springframework.boot.autoconfigure.cache.CacheAutoConfiguration, org.springframework.boot.autoconfigure.context.MessageSourceAutoConfiguration, org.springframework.boot.autoconfigure.data.web.SpringDataWebAutoConfiguration, org.springframework.boot.autoconfigure.freemarker.FreeMarkerAutoConfiguration, org.springframework.boot.autoconfigure.groovy.template.GroovyTemplateAutoConfiguration, org.springframework.boot.autoconfigure.gson.GsonAutoConfiguration, org.springframework.boot.autoconfigure.hateoas.HypermediaAutoConfiguration, org.springframework.boot.autoconfigure.http.HttpMessageConvertersAutoConfiguration, org.springframework.boot.autoconfigure.jackson.JacksonAutoConfiguration, org.springframework.boot.autoconfigure.jsonb.JsonbAutoConfiguration, org.springframework.boot.autoconfigure.mustache.MustacheAutoConfiguration, org.springframework.boot.autoconfigure.task.TaskExecutionAutoConfiguration, org.springframework.boot.autoconfigure.thymeleaf.ThymeleafAutoConfiguration, org.springframework.boot.autoconfigure.validation.ValidationAutoConfiguration, org.springframework.boot.autoconfigure.web.servlet.error.ErrorMvcAutoConfiguration, org.springframework.boot.autoconfigure.web.servlet.WebMvcAutoConfiguration, org.springframework.boot.test.autoconfigure.web.servlet.MockMvcAutoConfiguration, org.springframework.boot.test.autoconfigure.web.servlet.MockMvcSecurityAutoConfiguration, org.springframework.boot.test.autoconfigure.web.servlet.MockMvcWebClientAutoConfiguration, org.springframework.boot.test.autoconfigure.web.servlet.MockMvcWebDriverAutoConfiguration]], org.springframework.boot.test.context.filter.ExcludeFilterContextCustomizer@79b1e383, org.springframework.boot.test.json.DuplicateJsonObjectContextCustomizerFactory$DuplicateJsonObjectContextCustomizer@7ddedb91, org.springframework.boot.test.mock.mockito.MockitoContextCustomizer@0], resourceBasePath = 'src/main/webapp', contextLoader = 'org.springframework.boot.test.context.SpringBootContextLoader', parent = [null]], attributes = map[[empty]]]].
00:54:00.133 [Test worker] DEBUG org.springframework.test.context.support.TestPropertySourceUtils - Adding inlined properties to environment: {spring.jmx.enabled=false, org.springframework.boot.test.autoconfigure.web.servlet.WebMvcTestContextBootstrapper=true, server.port=-1}

  .   ____          _            __ _ _
 /\\ / ___'_ __ _ _(_)_ __  __ _ \ \ \ \
( ( )\___ | '_ | '_| | '_ \/ _` | \ \ \ \
 \\/  ___)| |_)| | | | | || (_| |  ) ) ) )
  '  |____| .__|_| |_|_| |_\__, | / / / /
 =========|_|==============|___/=/_/_/_/
 :: Spring Boot ::        (v2.1.7.RELEASE)

2020-04-23 00:54:00.711  INFO 12700 --- [    Test worker] c.s.t.t.web.HelloControllerTest          : Starting HelloControllerTest on DESKTOP-8IKJVKP with PID 12700 (started by ShinYR in C:\dev\springboot\testProject)
2020-04-23 00:54:00.718  INFO 12700 --- [    Test worker] c.s.t.t.web.HelloControllerTest          : No active profile set, falling back to default profiles: default
2020-04-23 00:54:03.589  INFO 12700 --- [    Test worker] o.s.s.concurrent.ThreadPoolTaskExecutor  : Initializing ExecutorService 'applicationTaskExecutor'
2020-04-23 00:54:03.754  INFO 12700 --- [    Test worker] o.s.b.a.w.s.WelcomePageHandlerMapping    : Adding welcome page template: index
2020-04-23 00:54:04.406  INFO 12700 --- [    Test worker] .s.s.UserDetailsServiceAutoConfiguration : 

Using generated security password: 348dec82-f509-4a4b-a339-1f3f3159870a

2020-04-23 00:54:04.990  INFO 12700 --- [    Test worker] o.s.s.web.DefaultSecurityFilterChain     : Creating filter chain: any request, [org.springframework.security.web.context.request.async.WebAsyncManagerIntegrationFilter@3ae19ba9, org.springframework.security.web.context.SecurityContextPersistenceFilter@3f99e0c5, org.springframework.security.web.header.HeaderWriterFilter@6304d373, org.springframework.security.web.csrf.CsrfFilter@625287df, org.springframework.security.web.authentication.logout.LogoutFilter@17b4cc05, org.springframework.security.web.authentication.UsernamePasswordAuthenticationFilter@30d4fe10, org.springframework.security.web.authentication.ui.DefaultLoginPageGeneratingFilter@50447320, org.springframework.security.web.authentication.ui.DefaultLogoutPageGeneratingFilter@16eed46e, org.springframework.security.web.authentication.www.BasicAuthenticationFilter@161658fc, org.springframework.security.web.savedrequest.RequestCacheAwareFilter@444db226, org.springframework.security.web.servletapi.SecurityContextHolderAwareRequestFilter@4fa05682, org.springframework.security.web.authentication.AnonymousAuthenticationFilter@2168df2e, org.springframework.security.web.session.SessionManagementFilter@50c93eb9, org.springframework.security.web.access.ExceptionTranslationFilter@47738772, org.springframework.security.web.access.intercept.FilterSecurityInterceptor@7b28c597]
2020-04-23 00:54:05.086  INFO 12700 --- [    Test worker] o.s.b.t.m.w.SpringBootMockServletContext : Initializing Spring TestDispatcherServlet ''
2020-04-23 00:54:05.087  INFO 12700 --- [    Test worker] o.s.t.web.servlet.TestDispatcherServlet  : Initializing Servlet ''
2020-04-23 00:54:05.122  INFO 12700 --- [    Test worker] o.s.t.web.servlet.TestDispatcherServlet  : Completed initialization in 35 ms
2020-04-23 00:54:05.290  INFO 12700 --- [    Test worker] c.s.t.t.web.HelloControllerTest          : Started HelloControllerTest in 5.141 seconds (JVM running for 7.369)
]]></system-out>
  <system-err><![CDATA[]]></system-err>
</testsuite>
