<?xml version="1.0" encoding="UTF-8"?>
<testsuite name="com.springboot.test.testProject.domain.posts.PostsRepositoryTest" tests="2" skipped="0" failures="0" errors="0" timestamp="2020-04-22T15:54:14" hostname="DESKTOP-8IKJVKP" time="0.343">
  <properties/>
  <testcase name="게시글저장_불러오기" classname="com.springboot.test.testProject.domain.posts.PostsRepositoryTest" time="0.306"/>
  <testcase name="BaseTimeEntity_등록" classname="com.springboot.test.testProject.domain.posts.PostsRepositoryTest" time="0.034"/>
  <system-out><![CDATA[2020-04-23 00:54:05.920  INFO 12700 --- [    Test worker] .b.t.c.SpringBootTestContextBootstrapper : Neither @ContextConfiguration nor @ContextHierarchy found for test class [com.springboot.test.testProject.domain.posts.PostsRepositoryTest], using SpringBootContextLoader
2020-04-23 00:54:05.922  INFO 12700 --- [    Test worker] o.s.t.c.support.AbstractContextLoader    : Could not detect default resource locations for test class [com.springboot.test.testProject.domain.posts.PostsRepositoryTest]: no resource found for suffixes {-context.xml, Context.groovy}.
2020-04-23 00:54:05.922  INFO 12700 --- [    Test worker] t.c.s.AnnotationConfigContextLoaderUtils : Could not detect default configuration classes for test class [com.springboot.test.testProject.domain.posts.PostsRepositoryTest]: PostsRepositoryTest does not declare any static, non-private, non-final, nested classes annotated with @Configuration.
2020-04-23 00:54:05.940  INFO 12700 --- [    Test worker] .b.t.c.SpringBootTestContextBootstrapper : Found @SpringBootConfiguration com.springboot.test.testProject.Application for test class com.springboot.test.testProject.domain.posts.PostsRepositoryTest
2020-04-23 00:54:05.945  INFO 12700 --- [    Test worker] .b.t.c.SpringBootTestContextBootstrapper : Loaded default TestExecutionListener class names from location [META-INF/spring.factories]: [org.springframework.security.test.context.support.WithSecurityContextTestExecutionListener, org.springframework.security.test.context.support.ReactorContextTestExecutionListener, org.springframework.boot.test.autoconfigure.restdocs.RestDocsTestExecutionListener, org.springframework.boot.test.autoconfigure.web.client.MockRestServiceServerResetTestExecutionListener, org.springframework.boot.test.autoconfigure.web.servlet.MockMvcPrintOnlyOnFailureTestExecutionListener, org.springframework.boot.test.autoconfigure.web.servlet.WebDriverTestExecutionListener, org.springframework.boot.test.mock.mockito.MockitoTestExecutionListener, org.springframework.boot.test.mock.mockito.ResetMocksTestExecutionListener, org.springframework.test.context.web.ServletTestExecutionListener, org.springframework.test.context.support.DirtiesContextBeforeModesTestExecutionListener, org.springframework.test.context.support.DependencyInjectionTestExecutionListener, org.springframework.test.context.support.DirtiesContextTestExecutionListener, org.springframework.test.context.transaction.TransactionalTestExecutionListener, org.springframework.test.context.jdbc.SqlScriptsTestExecutionListener]
2020-04-23 00:54:05.946  INFO 12700 --- [    Test worker] .b.t.c.SpringBootTestContextBootstrapper : Using TestExecutionListeners: [org.springframework.test.context.web.ServletTestExecutionListener@4706b17c, org.springframework.test.context.support.DirtiesContextBeforeModesTestExecutionListener@66ecbef9, org.springframework.boot.test.mock.mockito.MockitoTestExecutionListener@6bd03b5c, org.springframework.boot.test.autoconfigure.SpringBootDependencyInjectionTestExecutionListener@57a6a970, org.springframework.test.context.support.DirtiesContextTestExecutionListener@25d97fa9, org.springframework.test.context.transaction.TransactionalTestExecutionListener@26c1069d, org.springframework.test.context.jdbc.SqlScriptsTestExecutionListener@4ca1c3c2, org.springframework.security.test.context.support.WithSecurityContextTestExecutionListener@2e2e1e0f, org.springframework.security.test.context.support.ReactorContextTestExecutionListener@40641854, org.springframework.boot.test.autoconfigure.restdocs.RestDocsTestExecutionListener@6e3f1b2b, org.springframework.boot.test.autoconfigure.web.client.MockRestServiceServerResetTestExecutionListener@2c427afd, org.springframework.boot.test.autoconfigure.web.servlet.MockMvcPrintOnlyOnFailureTestExecutionListener@7242d71c, org.springframework.boot.test.autoconfigure.web.servlet.WebDriverTestExecutionListener@1204c7b8, org.springframework.boot.test.mock.mockito.ResetMocksTestExecutionListener@4747090]

  .   ____          _            __ _ _
 /\\ / ___'_ __ _ _(_)_ __  __ _ \ \ \ \
( ( )\___ | '_ | '_| | '_ \/ _` | \ \ \ \
 \\/  ___)| |_)| | | | | || (_| |  ) ) ) )
  '  |____| .__|_| |_|_| |_\__, | / / / /
 =========|_|==============|___/=/_/_/_/
 :: Spring Boot ::        (v2.1.7.RELEASE)

2020-04-23 00:54:06.003  INFO 12700 --- [    Test worker] c.s.t.t.d.posts.PostsRepositoryTest      : Starting PostsRepositoryTest on DESKTOP-8IKJVKP with PID 12700 (started by ShinYR in C:\dev\springboot\testProject)
2020-04-23 00:54:06.004  INFO 12700 --- [    Test worker] c.s.t.t.d.posts.PostsRepositoryTest      : No active profile set, falling back to default profiles: default
2020-04-23 00:54:06.885  INFO 12700 --- [    Test worker] .s.d.r.c.RepositoryConfigurationDelegate : Bootstrapping Spring Data repositories in DEFAULT mode.
2020-04-23 00:54:07.039  INFO 12700 --- [    Test worker] .s.d.r.c.RepositoryConfigurationDelegate : Finished Spring Data repository scanning in 135ms. Found 2 repository interfaces.
2020-04-23 00:54:07.541  INFO 12700 --- [    Test worker] trationDelegate$BeanPostProcessorChecker : Bean 'org.springframework.transaction.annotation.ProxyTransactionManagementConfiguration' of type [org.springframework.transaction.annotation.ProxyTransactionManagementConfiguration$$EnhancerBySpringCGLIB$$c7537e8e] is not eligible for getting processed by all BeanPostProcessors (for example: not eligible for auto-proxying)
2020-04-23 00:54:07.855  INFO 12700 --- [    Test worker] com.zaxxer.hikari.HikariDataSource       : HikariPool-1 - Starting...
2020-04-23 00:54:08.187  INFO 12700 --- [    Test worker] com.zaxxer.hikari.HikariDataSource       : HikariPool-1 - Start completed.
2020-04-23 00:54:08.377  INFO 12700 --- [    Test worker] o.hibernate.jpa.internal.util.LogHelper  : HHH000204: Processing PersistenceUnitInfo [
	name: default
	...]
2020-04-23 00:54:08.576  INFO 12700 --- [    Test worker] org.hibernate.Version                    : HHH000412: Hibernate Core {5.3.10.Final}
2020-04-23 00:54:08.581  INFO 12700 --- [    Test worker] org.hibernate.cfg.Environment            : HHH000206: hibernate.properties not found
2020-04-23 00:54:08.736  INFO 12700 --- [    Test worker] o.hibernate.annotations.common.Version   : HCANN000001: Hibernate Commons Annotations {5.0.4.Final}
2020-04-23 00:54:09.131  INFO 12700 --- [    Test worker] org.hibernate.dialect.Dialect            : HHH000400: Using dialect: org.hibernate.dialect.MySQL5InnoDBDialect
Hibernate: drop table if exists posts
Hibernate: drop table if exists user
Hibernate: create table posts (id bigint not null auto_increment, created_date datetime, modified_date datetime, author varchar(255), content TEXT not null, title varchar(500) not null, primary key (id)) engine=InnoDB
Hibernate: create table user (id bigint not null auto_increment, created_date datetime, modified_date datetime, email varchar(255) not null, name varchar(255) not null, picture varchar(255), role varchar(255) not null, primary key (id)) engine=InnoDB
2020-04-23 00:54:10.872  INFO 12700 --- [    Test worker] o.h.t.schema.internal.SchemaCreatorImpl  : HHH000476: Executing import script 'org.hibernate.tool.schema.internal.exec.ScriptSourceInputNonExistentImpl@466c9eb0'
2020-04-23 00:54:10.879  INFO 12700 --- [    Test worker] j.LocalContainerEntityManagerFactoryBean : Initialized JPA EntityManagerFactory for persistence unit 'default'
2020-04-23 00:54:11.894  INFO 12700 --- [    Test worker] o.h.h.i.QueryTranslatorFactoryInitiator  : HHH000397: Using ASTQueryTranslatorFactory
2020-04-23 00:54:12.629  INFO 12700 --- [    Test worker] o.s.s.web.DefaultSecurityFilterChain     : Creating filter chain: any request, [org.springframework.security.web.context.request.async.WebAsyncManagerIntegrationFilter@6649b9, org.springframework.security.web.context.SecurityContextPersistenceFilter@1b283874, org.springframework.security.web.header.HeaderWriterFilter@c15df73, org.springframework.security.web.authentication.logout.LogoutFilter@686ccbf4, org.springframework.security.oauth2.client.web.OAuth2AuthorizationRequestRedirectFilter@6ee4f8b5, org.springframework.security.oauth2.client.web.OAuth2LoginAuthenticationFilter@a847b28, org.springframework.security.web.authentication.ui.DefaultLoginPageGeneratingFilter@32ddbe43, org.springframework.security.web.authentication.ui.DefaultLogoutPageGeneratingFilter@7e2bc816, org.springframework.security.web.savedrequest.RequestCacheAwareFilter@7bd4fe4c, org.springframework.security.web.servletapi.SecurityContextHolderAwareRequestFilter@59985802, org.springframework.security.web.authentication.AnonymousAuthenticationFilter@575fb1c0, org.springframework.security.web.session.SessionManagementFilter@51775b21, org.springframework.security.web.access.ExceptionTranslationFilter@43547904, org.springframework.security.web.access.intercept.FilterSecurityInterceptor@f036b86]
2020-04-23 00:54:13.400  INFO 12700 --- [    Test worker] o.s.s.concurrent.ThreadPoolTaskExecutor  : Initializing ExecutorService 'applicationTaskExecutor'
2020-04-23 00:54:13.435  WARN 12700 --- [    Test worker] aWebConfiguration$JpaWebMvcConfiguration : spring.jpa.open-in-view is enabled by default. Therefore, database queries may be performed during view rendering. Explicitly configure spring.jpa.open-in-view to disable this warning
2020-04-23 00:54:13.504  INFO 12700 --- [    Test worker] o.s.b.a.w.s.WelcomePageHandlerMapping    : Adding welcome page template: index
2020-04-23 00:54:14.540  INFO 12700 --- [    Test worker] s.a.ScheduledAnnotationBeanPostProcessor : No TaskScheduler/ScheduledExecutorService bean found for scheduled processing
2020-04-23 00:54:14.556  INFO 12700 --- [    Test worker] c.s.t.t.d.posts.PostsRepositoryTest      : Started PostsRepositoryTest in 8.607 seconds (JVM running for 16.635)
Hibernate: insert into posts (created_date, modified_date, author, content, title) values (?, ?, ?, ?, ?)
Hibernate: select posts0_.id as id1_0_, posts0_.created_date as created_2_0_, posts0_.modified_date as modified3_0_, posts0_.author as author4_0_, posts0_.content as content5_0_, posts0_.title as title6_0_ from posts posts0_
Hibernate: select posts0_.id as id1_0_, posts0_.created_date as created_2_0_, posts0_.modified_date as modified3_0_, posts0_.author as author4_0_, posts0_.content as content5_0_, posts0_.title as title6_0_ from posts posts0_
Hibernate: delete from posts where id=?
Hibernate: insert into posts (created_date, modified_date, author, content, title) values (?, ?, ?, ?, ?)
Hibernate: select posts0_.id as id1_0_, posts0_.created_date as created_2_0_, posts0_.modified_date as modified3_0_, posts0_.author as author4_0_, posts0_.content as content5_0_, posts0_.title as title6_0_ from posts posts0_
>>>>>>>>> createDate=null, modifiedDate=null
Hibernate: select posts0_.id as id1_0_, posts0_.created_date as created_2_0_, posts0_.modified_date as modified3_0_, posts0_.author as author4_0_, posts0_.content as content5_0_, posts0_.title as title6_0_ from posts posts0_
Hibernate: delete from posts where id=?
]]></system-out>
  <system-err><![CDATA[]]></system-err>
</testsuite>
