<?xml version="1.0" encoding="UTF-8"?>
<testsuite name="com.springboot.test.testProject.web.Dto.HelloResponseDtoTest" tests="1" skipped="0" failures="0" errors="0" timestamp="2020-04-22T15:54:14" hostname="DESKTOP-8IKJVKP" time="0.014">
  <properties/>
  <testcase name="lombok_test" classname="com.springboot.test.testProject.web.Dto.HelloResponseDtoTest" time="0.014"/>
  <system-out><![CDATA[]]></system-out>
  <system-err><![CDATA[]]></system-err>
</testsuite>
